./readBinaryWord.sh: 3: Syntax error: Bad for loop variable
./readBinaryWord.sh: 3: Syntax error: Bad for loop variable
./readBinaryWord.sh: 3: Syntax error: Bad for loop variable
1
The following paths are ignored by one of your .gitignore files:
gitlogs
logs
Use -f if you really want to add them.
[master 828763f] push it to the limmit
 5 files changed, 6 insertions(+), 2 deletions(-)
 create mode 100644 random/fd2dc47656b1b5065f65f0f40de4ef02
Push it...
The following paths are ignored by one of your .gitignore files:
gitlogs
logs
Use -f if you really want to add them.
[master 1b39ab0] push it to the limmit
 2 files changed, 8 insertions(+)
 create mode 100644 random/cae9827c0ed9cb6e14924b1ccec7fe88
Push it...
The following paths are ignored by one of your .gitignore files:
gitlogs
logs
Use -f if you really want to add them.
[master cf33ae6] push it to the limmit
 2 files changed, 8 insertions(+)
 create mode 100644 random/6f7778f932c7b36fc307e3941bc8e189
Push it...
The following paths are ignored by one of your .gitignore files:
gitlogs
logs
Use -f if you really want to add them.
[master cffc46d] push it to the limmit
 2 files changed, 8 insertions(+)
 create mode 100644 random/4cbb6e91be0f98250d69461bcda78b5c
Push it...
The following paths are ignored by one of your .gitignore files:
gitlogs
logs
Use -f if you really want to add them.
[master d2931b8] push it to the limmit
 2 files changed, 8 insertions(+)
 create mode 100644 random/26bceda947ae597fc2a8e42deea2733b
Push it...
The following paths are ignored by one of your .gitignore files:
gitlogs
logs
Use -f if you really want to add them.
[master 70c635b] push it to the limmit
 2 files changed, 8 insertions(+)
 create mode 100644 random/710c6a60b58e7389cd1f7ae8b17fda32
Push it...
The following paths are ignored by one of your .gitignore files:
gitlogs
logs
Use -f if you really want to add them.
[master 765f3c9] push it to the limmit
 2 files changed, 8 insertions(+)
 create mode 100644 random/2d1d43098badd78ea30a9f122afca162
Push it...
The following paths are ignored by one of your .gitignore files:
gitlogs
logs
Use -f if you really want to add them.
[master 8ce6462] push it to the limmit
 2 files changed, 8 insertions(+)
 create mode 100644 random/eb5041f3c8629b14b06f9f7545c6b062
Push it...
The following paths are ignored by one of your .gitignore files:
gitlogs
logs
Use -f if you really want to add them.
[master d2fda3b] push it to the limmit
 2 files changed, 8 insertions(+)
 create mode 100644 random/9326132ea231c2e79099337eb059747d
Push it...
The following paths are ignored by one of your .gitignore files:
gitlogs
logs
Use -f if you really want to add them.
[master b3d5176] push it to the limmit
 2 files changed, 8 insertions(+)
 create mode 100644 random/4872bc92df0a16b7f4e5fcce2680079b
Push it...
The following paths are ignored by one of your .gitignore files:
gitlogs
logs
Use -f if you really want to add them.
[master a9f52ba] push it to the limmit
 2 files changed, 8 insertions(+)
 create mode 100644 random/aa559e9fbc48119001bf10e5dd9206e3
Push it...
The following paths are ignored by one of your .gitignore files:
gitlogs
logs
Use -f if you really want to add them.
[master d0d1372] push it to the limmit
 2 files changed, 8 insertions(+)
 create mode 100644 random/d3358ff5494f92b47106d2c6908a0cd6
Push it...
The following paths are ignored by one of your .gitignore files:
gitlogs
logs
Use -f if you really want to add them.
[master 4851b86] push it to the limmit
 2 files changed, 8 insertions(+)
 create mode 100644 random/1a4bba868c89e86b6e62f0149ec4618a
Push it...
The following paths are ignored by one of your .gitignore files:
gitlogs
logs
Use -f if you really want to add them.
[master 5442dba] push it to the limmit
 2 files changed, 8 insertions(+)
 create mode 100644 random/db94ea7c929c53652adbf3d416d0d0ec
Push it...
The following paths are ignored by one of your .gitignore files:
gitlogs
logs
Use -f if you really want to add them.
[master b4c4af0] push it to the limmit
 2 files changed, 8 insertions(+)
 create mode 100644 random/9b9682e82255527052db45c0efb9df77
Push it...
The following paths are ignored by one of your .gitignore files:
gitlogs
logs
Use -f if you really want to add them.
[master 40bfab1] push it to the limmit
 2 files changed, 8 insertions(+)
 create mode 100644 random/4d0ee1593e64e0f17d02c6cc76025e5b
Push it...
The following paths are ignored by one of your .gitignore files:
gitlogs
logs
Use -f if you really want to add them.
[master eda4287] push it to the limmit
 2 files changed, 8 insertions(+)
 create mode 100644 random/8c75fde71bc9582b3ecf5e09bb94f1db
Push it...
